<?xml version="1.0" encoding="UTF-8"?>
<!-- Generated by org.testng.reporters.JUnitReportReporter -->
<testsuite ignored="0" hostname="OmiPC" failures="0" tests="1" name="testSelenium.NewTest" time="5.540" errors="0" timestamp="05 oct. 2023 01:59:32 GMT" skipped="0">
  <testcase classname="testSelenium.NewTest" name="f" time="5.540"/>
</testsuite> <!-- testSelenium.NewTest -->
